This file contains any messages produced by compilers while
running configure, to aid debugging if configure makes a mistake.

It was created by procps-ng configure 3.3.3, which was
generated by GNU Autoconf 2.68.  Invocation command line was

  $ ./configure 

## --------- ##
## Platform. ##
## --------- ##

hostname = kali
uname -m = x86_64
uname -r = 3.14-kali1-amd64
uname -s = Linux
uname -v = #1 SMP Debian 3.14.4-1kali1 (2014-05-14)

/usr/bin/uname -p = unknown
/bin/uname -X     = unknown

/bin/arch              = unknown
/usr/bin/arch -k       = unknown
/usr/convex/getsysinfo = unknown
/usr/bin/hostinfo      = unknown
/bin/machine           = unknown
/usr/bin/oslevel       = unknown
/bin/universe          = unknown

PATH: /usr/local/sbin
PATH: /usr/local/bin
PATH: /usr/sbin
PATH: /usr/bin
PATH: /sbin
PATH: /bin


## ----------- ##
## Core tests. ##
## ----------- ##

configure:2420: checking for a BSD-compatible install
configure:2488: result: /usr/bin/install -c
configure:2499: checking whether build environment is sane
configure:2549: result: yes
configure:2690: checking for a thread-safe mkdir -p
configure:2729: result: /bin/mkdir -p
configure:2742: checking for gawk
configure:2772: result: no
configure:2742: checking for mawk
configure:2758: found /usr/bin/mawk
configure:2769: result: mawk
configure:2780: checking whether make sets $(MAKE)
configure:2802: result: yes
configure:2877: checking how to create a pax tar archive
configure:2890: tar --version
tar (GNU tar) 1.26
Copyright (C) 2011 Free Software Foundation, Inc.
License GPLv3+: GNU GPL version 3 or later <http://gnu.org/licenses/gpl.html>.
This is free software: you are free to change and redistribute it.
There is NO WARRANTY, to the extent permitted by law.

Written by John Gilmore and Jay Fenlason.
configure:2893: $? = 0
configure:2933: tardir=conftest.dir && eval tar --format=posix -chf - "$tardir" >conftest.tar
configure:2936: $? = 0
configure:2940: tar -xf - <conftest.tar
configure:2943: $? = 0
configure:2956: result: gnutar
configure:2980: checking for style of include used by make
configure:3008: result: GNU
configure:3079: checking for gcc
configure:3095: found /usr/bin/gcc
configure:3106: result: gcc
configure:3335: checking for C compiler version
configure:3344: gcc --version >&5
gcc (Debian 4.7.2-5) 4.7.2
Copyright (C) 2012 Free Software Foundation, Inc.
This is free software; see the source for copying conditions.  There is NO
warranty; not even for MERCHANTABILITY or FITNESS FOR A PARTICULAR PURPOSE.

configure:3355: $? = 0
configure:3344: gcc -v >&5
Using built-in specs.
COLLECT_GCC=gcc
COLLECT_LTO_WRAPPER=/usr/lib/gcc/x86_64-linux-gnu/4.7/lto-wrapper
Target: x86_64-linux-gnu
Configured with: ../src/configure -v --with-pkgversion='Debian 4.7.2-5' --with-bugurl=file:///usr/share/doc/gcc-4.7/README.Bugs --enable-languages=c,c++,go,fortran,objc,obj-c++ --prefix=/usr --program-suffix=-4.7 --enable-shared --enable-linker-build-id --with-system-zlib --libexecdir=/usr/lib --without-included-gettext --enable-threads=posix --with-gxx-include-dir=/usr/include/c++/4.7 --libdir=/usr/lib --enable-nls --with-sysroot=/ --enable-clocale=gnu --enable-libstdcxx-debug --enable-libstdcxx-time=yes --enable-gnu-unique-object --enable-plugin --enable-objc-gc --with-arch-32=i586 --with-tune=generic --enable-checking=release --build=x86_64-linux-gnu --host=x86_64-linux-gnu --target=x86_64-linux-gnu
Thread model: posix
gcc version 4.7.2 (Debian 4.7.2-5) 
configure:3355: $? = 0
configure:3344: gcc -V >&5
gcc: error: unrecognized command line option '-V'
gcc: fatal error: no input files
compilation terminated.
configure:3355: $? = 4
configure:3344: gcc -qversion >&5
gcc: error: unrecognized command line option '-qversion'
gcc: fatal error: no input files
compilation terminated.
configure:3355: $? = 4
configure:3375: checking whether the C compiler works
configure:3397: gcc    conftest.c  >&5
configure:3401: $? = 0
configure:3449: result: yes
configure:3452: checking for C compiler default output file name
configure:3454: result: a.out
configure:3460: checking for suffix of executables
configure:3467: gcc -o conftest    conftest.c  >&5
configure:3471: $? = 0
configure:3493: result: 
configure:3515: checking whether we are cross compiling
configure:3523: gcc -o conftest    conftest.c  >&5
configure:3527: $? = 0
configure:3534: ./conftest
configure:3538: $? = 0
configure:3553: result: no
configure:3558: checking for suffix of object files
configure:3580: gcc -c   conftest.c >&5
configure:3584: $? = 0
configure:3605: result: o
configure:3609: checking whether we are using the GNU C compiler
configure:3628: gcc -c   conftest.c >&5
configure:3628: $? = 0
configure:3637: result: yes
configure:3646: checking whether gcc accepts -g
configure:3666: gcc -c -g  conftest.c >&5
configure:3666: $? = 0
configure:3707: result: yes
configure:3724: checking for gcc option to accept ISO C89
configure:3788: gcc  -c -g -O2  conftest.c >&5
configure:3788: $? = 0
configure:3801: result: none needed
configure:3823: checking dependency style of gcc
configure:3934: result: gcc3
configure:3955: checking how to run the C preprocessor
configure:3986: gcc -E  conftest.c
configure:3986: $? = 0
configure:4000: gcc -E  conftest.c
conftest.c:11:28: fatal error: ac_nonexistent.h: No such file or directory
compilation terminated.
configure:4000: $? = 1
configure: failed program was:
| /* confdefs.h */
| #define PACKAGE_NAME "procps-ng"
| #define PACKAGE_TARNAME "procps-ng"
| #define PACKAGE_VERSION "3.3.3"
| #define PACKAGE_STRING "procps-ng 3.3.3"
| #define PACKAGE_BUGREPORT "procps@freelists.org"
| #define PACKAGE_URL "http://gitorious.org/procps"
| #define PACKAGE "procps-ng"
| #define VERSION "3.3.3"
| /* end confdefs.h.  */
| #include <ac_nonexistent.h>
configure:4025: result: gcc -E
configure:4045: gcc -E  conftest.c
configure:4045: $? = 0
configure:4059: gcc -E  conftest.c
conftest.c:11:28: fatal error: ac_nonexistent.h: No such file or directory
compilation terminated.
configure:4059: $? = 1
configure: failed program was:
| /* confdefs.h */
| #define PACKAGE_NAME "procps-ng"
| #define PACKAGE_TARNAME "procps-ng"
| #define PACKAGE_VERSION "3.3.3"
| #define PACKAGE_STRING "procps-ng 3.3.3"
| #define PACKAGE_BUGREPORT "procps@freelists.org"
| #define PACKAGE_URL "http://gitorious.org/procps"
| #define PACKAGE "procps-ng"
| #define VERSION "3.3.3"
| /* end confdefs.h.  */
| #include <ac_nonexistent.h>
configure:4088: checking for grep that handles long lines and -e
configure:4146: result: /bin/grep
configure:4151: checking for egrep
configure:4213: result: /bin/grep -E
configure:4218: checking for ANSI C header files
configure:4238: gcc -c -g -O2  conftest.c >&5
configure:4238: $? = 0
configure:4311: gcc -o conftest -g -O2   conftest.c  >&5
configure:4311: $? = 0
configure:4311: ./conftest
configure:4311: $? = 0
configure:4322: result: yes
configure:4335: checking for sys/types.h
configure:4335: gcc -c -g -O2  conftest.c >&5
configure:4335: $? = 0
configure:4335: result: yes
configure:4335: checking for sys/stat.h
configure:4335: gcc -c -g -O2  conftest.c >&5
configure:4335: $? = 0
configure:4335: result: yes
configure:4335: checking for stdlib.h
configure:4335: gcc -c -g -O2  conftest.c >&5
configure:4335: $? = 0
configure:4335: result: yes
configure:4335: checking for string.h
configure:4335: gcc -c -g -O2  conftest.c >&5
configure:4335: $? = 0
configure:4335: result: yes
configure:4335: checking for memory.h
configure:4335: gcc -c -g -O2  conftest.c >&5
configure:4335: $? = 0
configure:4335: result: yes
configure:4335: checking for strings.h
configure:4335: gcc -c -g -O2  conftest.c >&5
configure:4335: $? = 0
configure:4335: result: yes
configure:4335: checking for inttypes.h
configure:4335: gcc -c -g -O2  conftest.c >&5
configure:4335: $? = 0
configure:4335: result: yes
configure:4335: checking for stdint.h
configure:4335: gcc -c -g -O2  conftest.c >&5
configure:4335: $? = 0
configure:4335: result: yes
configure:4335: checking for unistd.h
configure:4335: gcc -c -g -O2  conftest.c >&5
configure:4335: $? = 0
configure:4335: result: yes
configure:4348: checking minix/config.h usability
configure:4348: gcc -c -g -O2  conftest.c >&5
conftest.c:54:26: fatal error: minix/config.h: No such file or directory
compilation terminated.
configure:4348: $? = 1
configure: failed program was:
| /* confdefs.h */
| #define PACKAGE_NAME "procps-ng"
| #define PACKAGE_TARNAME "procps-ng"
| #define PACKAGE_VERSION "3.3.3"
| #define PACKAGE_STRING "procps-ng 3.3.3"
| #define PACKAGE_BUGREPORT "procps@freelists.org"
| #define PACKAGE_URL "http://gitorious.org/procps"
| #define PACKAGE "procps-ng"
| #define VERSION "3.3.3"
| #define STDC_HEADERS 1
| #define HAVE_SYS_TYPES_H 1
| #define HAVE_SYS_STAT_H 1
| #define HAVE_STDLIB_H 1
| #define HAVE_STRING_H 1
| #define HAVE_MEMORY_H 1
| #define HAVE_STRINGS_H 1
| #define HAVE_INTTYPES_H 1
| #define HAVE_STDINT_H 1
| #define HAVE_UNISTD_H 1
| /* end confdefs.h.  */
| #include <stdio.h>
| #ifdef HAVE_SYS_TYPES_H
| # include <sys/types.h>
| #endif
| #ifdef HAVE_SYS_STAT_H
| # include <sys/stat.h>
| #endif
| #ifdef STDC_HEADERS
| # include <stdlib.h>
| # include <stddef.h>
| #else
| # ifdef HAVE_STDLIB_H
| #  include <stdlib.h>
| # endif
| #endif
| #ifdef HAVE_STRING_H
| # if !defined STDC_HEADERS && defined HAVE_MEMORY_H
| #  include <memory.h>
| # endif
| # include <string.h>
| #endif
| #ifdef HAVE_STRINGS_H
| # include <strings.h>
| #endif
| #ifdef HAVE_INTTYPES_H
| # include <inttypes.h>
| #endif
| #ifdef HAVE_STDINT_H
| # include <stdint.h>
| #endif
| #ifdef HAVE_UNISTD_H
| # include <unistd.h>
| #endif
| #include <minix/config.h>
configure:4348: result: no
configure:4348: checking minix/config.h presence
configure:4348: gcc -E  conftest.c
conftest.c:21:26: fatal error: minix/config.h: No such file or directory
compilation terminated.
configure:4348: $? = 1
configure: failed program was:
| /* confdefs.h */
| #define PACKAGE_NAME "procps-ng"
| #define PACKAGE_TARNAME "procps-ng"
| #define PACKAGE_VERSION "3.3.3"
| #define PACKAGE_STRING "procps-ng 3.3.3"
| #define PACKAGE_BUGREPORT "procps@freelists.org"
| #define PACKAGE_URL "http://gitorious.org/procps"
| #define PACKAGE "procps-ng"
| #define VERSION "3.3.3"
| #define STDC_HEADERS 1
| #define HAVE_SYS_TYPES_H 1
| #define HAVE_SYS_STAT_H 1
| #define HAVE_STDLIB_H 1
| #define HAVE_STRING_H 1
| #define HAVE_MEMORY_H 1
| #define HAVE_STRINGS_H 1
| #define HAVE_INTTYPES_H 1
| #define HAVE_STDINT_H 1
| #define HAVE_UNISTD_H 1
| /* end confdefs.h.  */
| #include <minix/config.h>
configure:4348: result: no
configure:4348: checking for minix/config.h
configure:4348: result: no
configure:4369: checking whether it is safe to define __EXTENSIONS__
configure:4387: gcc -c -g -O2  conftest.c >&5
configure:4387: $? = 0
configure:4394: result: yes
configure:4457: checking for gcc
configure:4484: result: gcc
configure:4713: checking for C compiler version
configure:4722: gcc --version >&5
gcc (Debian 4.7.2-5) 4.7.2
Copyright (C) 2012 Free Software Foundation, Inc.
This is free software; see the source for copying conditions.  There is NO
warranty; not even for MERCHANTABILITY or FITNESS FOR A PARTICULAR PURPOSE.

configure:4733: $? = 0
configure:4722: gcc -v >&5
Using built-in specs.
COLLECT_GCC=gcc
COLLECT_LTO_WRAPPER=/usr/lib/gcc/x86_64-linux-gnu/4.7/lto-wrapper
Target: x86_64-linux-gnu
Configured with: ../src/configure -v --with-pkgversion='Debian 4.7.2-5' --with-bugurl=file:///usr/share/doc/gcc-4.7/README.Bugs --enable-languages=c,c++,go,fortran,objc,obj-c++ --prefix=/usr --program-suffix=-4.7 --enable-shared --enable-linker-build-id --with-system-zlib --libexecdir=/usr/lib --without-included-gettext --enable-threads=posix --with-gxx-include-dir=/usr/include/c++/4.7 --libdir=/usr/lib --enable-nls --with-sysroot=/ --enable-clocale=gnu --enable-libstdcxx-debug --enable-libstdcxx-time=yes --enable-gnu-unique-object --enable-plugin --enable-objc-gc --with-arch-32=i586 --with-tune=generic --enable-checking=release --build=x86_64-linux-gnu --host=x86_64-linux-gnu --target=x86_64-linux-gnu
Thread model: posix
gcc version 4.7.2 (Debian 4.7.2-5) 
configure:4733: $? = 0
configure:4722: gcc -V >&5
gcc: error: unrecognized command line option '-V'
gcc: fatal error: no input files
compilation terminated.
configure:4733: $? = 4
configure:4722: gcc -qversion >&5
gcc: error: unrecognized command line option '-qversion'
gcc: fatal error: no input files
compilation terminated.
configure:4733: $? = 4
configure:4737: checking whether we are using the GNU C compiler
configure:4765: result: yes
configure:4774: checking whether gcc accepts -g
configure:4835: result: yes
configure:4852: checking for gcc option to accept ISO C89
configure:4929: result: none needed
configure:4951: checking dependency style of gcc
configure:5062: result: gcc3
configure:5081: checking for gcc option to accept ISO C99
configure:5230: gcc  -c -g -O2  conftest.c >&5
conftest.c:76:29: error: expected ';', ',' or ')' before 'text'
conftest.c: In function 'main':
conftest.c:130:18: error: expected '=', ',', ';', 'asm' or '__attribute__' before 'newvar'
conftest.c:130:18: error: 'newvar' undeclared (first use in this function)
conftest.c:130:18: note: each undeclared identifier is reported only once for each function it appears in
conftest.c:140:3: error: 'for' loop initial declarations are only allowed in C99 mode
conftest.c:140:3: note: use option -std=c99 or -std=gnu99 to compile your code
configure:5230: $? = 1
configure: failed program was:
| /* confdefs.h */
| #define PACKAGE_NAME "procps-ng"
| #define PACKAGE_TARNAME "procps-ng"
| #define PACKAGE_VERSION "3.3.3"
| #define PACKAGE_STRING "procps-ng 3.3.3"
| #define PACKAGE_BUGREPORT "procps@freelists.org"
| #define PACKAGE_URL "http://gitorious.org/procps"
| #define PACKAGE "procps-ng"
| #define VERSION "3.3.3"
| #define STDC_HEADERS 1
| #define HAVE_SYS_TYPES_H 1
| #define HAVE_SYS_STAT_H 1
| #define HAVE_STDLIB_H 1
| #define HAVE_STRING_H 1
| #define HAVE_MEMORY_H 1
| #define HAVE_STRINGS_H 1
| #define HAVE_INTTYPES_H 1
| #define HAVE_STDINT_H 1
| #define HAVE_UNISTD_H 1
| #define __EXTENSIONS__ 1
| #define _ALL_SOURCE 1
| #define _GNU_SOURCE 1
| #define _POSIX_PTHREAD_SEMANTICS 1
| #define _TANDEM_SOURCE 1
| /* end confdefs.h.  */
| #include <stdarg.h>
| #include <stdbool.h>
| #include <stdlib.h>
| #include <wchar.h>
| #include <stdio.h>
| 
| // Check varargs macros.  These examples are taken from C99 6.10.3.5.
| #define debug(...) fprintf (stderr, __VA_ARGS__)
| #define showlist(...) puts (#__VA_ARGS__)
| #define report(test,...) ((test) ? puts (#test) : printf (__VA_ARGS__))
| static void
| test_varargs_macros (void)
| {
|   int x = 1234;
|   int y = 5678;
|   debug ("Flag");
|   debug ("X = %d\n", x);
|   showlist (The first, second, and third items.);
|   report (x>y, "x is %d but y is %d", x, y);
| }
| 
| // Check long long types.
| #define BIG64 18446744073709551615ull
| #define BIG32 4294967295ul
| #define BIG_OK (BIG64 / BIG32 == 4294967297ull && BIG64 % BIG32 == 0)
| #if !BIG_OK
|   your preprocessor is broken;
| #endif
| #if BIG_OK
| #else
|   your preprocessor is broken;
| #endif
| static long long int bignum = -9223372036854775807LL;
| static unsigned long long int ubignum = BIG64;
| 
| struct incomplete_array
| {
|   int datasize;
|   double data[];
| };
| 
| struct named_init {
|   int number;
|   const wchar_t *name;
|   double average;
| };
| 
| typedef const char *ccp;
| 
| static inline int
| test_restrict (ccp restrict text)
| {
|   // See if C++-style comments work.
|   // Iterate through items via the restricted pointer.
|   // Also check for declarations in for loops.
|   for (unsigned int i = 0; *(text+i) != '\0'; ++i)
|     continue;
|   return 0;
| }
| 
| // Check varargs and va_copy.
| static void
| test_varargs (const char *format, ...)
| {
|   va_list args;
|   va_start (args, format);
|   va_list args_copy;
|   va_copy (args_copy, args);
| 
|   const char *str;
|   int number;
|   float fnumber;
| 
|   while (*format)
|     {
|       switch (*format++)
| 	{
| 	case 's': // string
| 	  str = va_arg (args_copy, const char *);
| 	  break;
| 	case 'd': // int
| 	  number = va_arg (args_copy, int);
| 	  break;
| 	case 'f': // float
| 	  fnumber = va_arg (args_copy, double);
| 	  break;
| 	default:
| 	  break;
| 	}
|     }
|   va_end (args_copy);
|   va_end (args);
| }
| 
| int
| main ()
| {
| 
|   // Check bool.
|   _Bool success = false;
| 
|   // Check restrict.
|   if (test_restrict ("String literal") == 0)
|     success = true;
|   char *restrict newvar = "Another string";
| 
|   // Check varargs.
|   test_varargs ("s, d' f .", "string", 65, 34.234);
|   test_varargs_macros ();
| 
|   // Check flexible array members.
|   struct incomplete_array *ia =
|     malloc (sizeof (struct incomplete_array) + (sizeof (double) * 10));
|   ia->datasize = 10;
|   for (int i = 0; i < ia->datasize; ++i)
|     ia->data[i] = i * 1.234;
| 
|   // Check named initializers.
|   struct named_init ni = {
|     .number = 34,
|     .name = L"Test wide string",
|     .average = 543.34343,
|   };
| 
|   ni.number = 58;
| 
|   int dynamic_array[ni.number];
|   dynamic_array[ni.number - 1] = 543;
| 
|   // work around unused variable warnings
|   return (!success || bignum == 0LL || ubignum == 0uLL || newvar[0] == 'x'
| 	  || dynamic_array[ni.number - 1] != 543);
| 
|   ;
|   return 0;
| }
configure:5230: gcc -std=gnu99 -c -g -O2  conftest.c >&5
configure:5230: $? = 0
configure:5250: result: -std=gnu99
configure:5352: checking for gcc -std=gnu99 option to accept ISO Standard C
configure:5366: result: -std=gnu99
configure:5411: checking whether gcc -std=gnu99 and cc understand -c and -o together
configure:5442: gcc -std=gnu99 -c conftest.c -o conftest2.o >&5
configure:5446: $? = 0
configure:5452: gcc -std=gnu99 -c conftest.c -o conftest2.o >&5
configure:5456: $? = 0
configure:5467: cc -c conftest.c >&5
configure:5471: $? = 0
configure:5479: cc -c conftest.c -o conftest2.o >&5
configure:5483: $? = 0
configure:5489: cc -c conftest.c -o conftest2.o >&5
configure:5493: $? = 0
configure:5511: result: yes
configure:5537: checking whether ln -s works
configure:5541: result: yes
configure:5602: checking for pkg-config
configure:5620: found /usr/bin/pkg-config
configure:5632: result: /usr/bin/pkg-config
configure:5657: checking pkg-config is at least version 0.9.0
configure:5660: result: yes
configure:5684: checking whether sys/types.h defines makedev
configure:5700: gcc -std=gnu99 -o conftest -g -O2   conftest.c  >&5
configure:5700: $? = 0
configure:5709: result: yes
configure:5757: checking fcntl.h usability
configure:5757: gcc -std=gnu99 -c -g -O2  conftest.c >&5
configure:5757: $? = 0
configure:5757: result: yes
configure:5757: checking fcntl.h presence
configure:5757: gcc -E  conftest.c
configure:5757: $? = 0
configure:5757: result: yes
configure:5757: checking for fcntl.h
configure:5757: result: yes
configure:5757: checking langinfo.h usability
configure:5757: gcc -std=gnu99 -c -g -O2  conftest.c >&5
configure:5757: $? = 0
configure:5757: result: yes
configure:5757: checking langinfo.h presence
configure:5757: gcc -E  conftest.c
configure:5757: $? = 0
configure:5757: result: yes
configure:5757: checking for langinfo.h
configure:5757: result: yes
configure:5757: checking libintl.h usability
configure:5757: gcc -std=gnu99 -c -g -O2  conftest.c >&5
configure:5757: $? = 0
configure:5757: result: yes
configure:5757: checking libintl.h presence
configure:5757: gcc -E  conftest.c
configure:5757: $? = 0
configure:5757: result: yes
configure:5757: checking for libintl.h
configure:5757: result: yes
configure:5757: checking limits.h usability
configure:5757: gcc -std=gnu99 -c -g -O2  conftest.c >&5
configure:5757: $? = 0
configure:5757: result: yes
configure:5757: checking limits.h presence
configure:5757: gcc -E  conftest.c
configure:5757: $? = 0
configure:5757: result: yes
configure:5757: checking for limits.h
configure:5757: result: yes
configure:5757: checking locale.h usability
configure:5757: gcc -std=gnu99 -c -g -O2  conftest.c >&5
configure:5757: $? = 0
configure:5757: result: yes
configure:5757: checking locale.h presence
configure:5757: gcc -E  conftest.c
configure:5757: $? = 0
configure:5757: result: yes
configure:5757: checking for locale.h
configure:5757: result: yes
configure:5757: checking netinet/in.h usability
configure:5757: gcc -std=gnu99 -c -g -O2  conftest.c >&5
configure:5757: $? = 0
configure:5757: result: yes
configure:5757: checking netinet/in.h presence
configure:5757: gcc -E  conftest.c
configure:5757: $? = 0
configure:5757: result: yes
configure:5757: checking for netinet/in.h
configure:5757: result: yes
configure:5757: checking for stdint.h
configure:5757: result: yes
configure:5757: checking for stdlib.h
configure:5757: result: yes
configure:5757: checking for string.h
configure:5757: result: yes
configure:5757: checking sys/file.h usability
configure:5757: gcc -std=gnu99 -c -g -O2  conftest.c >&5
configure:5757: $? = 0
configure:5757: result: yes
configure:5757: checking sys/file.h presence
configure:5757: gcc -E  conftest.c
configure:5757: $? = 0
configure:5757: result: yes
configure:5757: checking for sys/file.h
configure:5757: result: yes
configure:5757: checking sys/ioctl.h usability
configure:5757: gcc -std=gnu99 -c -g -O2  conftest.c >&5
configure:5757: $? = 0
configure:5757: result: yes
configure:5757: checking sys/ioctl.h presence
configure:5757: gcc -E  conftest.c
configure:5757: $? = 0
configure:5757: result: yes
configure:5757: checking for sys/ioctl.h
configure:5757: result: yes
configure:5757: checking sys/param.h usability
configure:5757: gcc -std=gnu99 -c -g -O2  conftest.c >&5
configure:5757: $? = 0
configure:5757: result: yes
configure:5757: checking sys/param.h presence
configure:5757: gcc -E  conftest.c
configure:5757: $? = 0
configure:5757: result: yes
configure:5757: checking for sys/param.h
configure:5757: result: yes
configure:5757: checking sys/time.h usability
configure:5757: gcc -std=gnu99 -c -g -O2  conftest.c >&5
configure:5757: $? = 0
configure:5757: result: yes
configure:5757: checking sys/time.h presence
configure:5757: gcc -E  conftest.c
configure:5757: $? = 0
configure:5757: result: yes
configure:5757: checking for sys/time.h
configure:5757: result: yes
configure:5757: checking termios.h usability
configure:5757: gcc -std=gnu99 -c -g -O2  conftest.c >&5
configure:5757: $? = 0
configure:5757: result: yes
configure:5757: checking termios.h presence
configure:5757: gcc -E  conftest.c
configure:5757: $? = 0
configure:5757: result: yes
configure:5757: checking for termios.h
configure:5757: result: yes
configure:5757: checking for unistd.h
configure:5757: result: yes
configure:5757: checking utmp.h usability
configure:5757: gcc -std=gnu99 -c -g -O2  conftest.c >&5
configure:5757: $? = 0
configure:5757: result: yes
configure:5757: checking utmp.h presence
configure:5757: gcc -E  conftest.c
configure:5757: $? = 0
configure:5757: result: yes
configure:5757: checking for utmp.h
configure:5757: result: yes
configure:5757: checking values.h usability
configure:5757: gcc -std=gnu99 -c -g -O2  conftest.c >&5
configure:5757: $? = 0
configure:5757: result: yes
configure:5757: checking values.h presence
configure:5757: gcc -E  conftest.c
configure:5757: $? = 0
configure:5757: result: yes
configure:5757: checking for values.h
configure:5757: result: yes
configure:5757: checking wchar.h usability
configure:5757: gcc -std=gnu99 -c -g -O2  conftest.c >&5
configure:5757: $? = 0
configure:5757: result: yes
configure:5757: checking wchar.h presence
configure:5757: gcc -E  conftest.c
configure:5757: $? = 0
configure:5757: result: yes
configure:5757: checking for wchar.h
configure:5757: result: yes
configure:5757: checking wctype.h usability
configure:5757: gcc -std=gnu99 -c -g -O2  conftest.c >&5
configure:5757: $? = 0
configure:5757: result: yes
configure:5757: checking wctype.h presence
configure:5757: gcc -E  conftest.c
configure:5757: $? = 0
configure:5757: result: yes
configure:5757: checking for wctype.h
configure:5757: result: yes
configure:5769: checking for stdbool.h that conforms to C99
configure:5836: gcc -std=gnu99 -c -g -O2  conftest.c >&5
configure:5836: $? = 0
configure:5843: result: yes
configure:5845: checking for _Bool
configure:5845: gcc -std=gnu99 -c -g -O2  conftest.c >&5
configure:5845: $? = 0
configure:5845: gcc -std=gnu99 -c -g -O2  conftest.c >&5
conftest.c: In function 'main':
conftest.c:81:20: error: expected expression before ')' token
configure:5845: $? = 1
configure: failed program was:
| /* confdefs.h */
| #define PACKAGE_NAME "procps-ng"
| #define PACKAGE_TARNAME "procps-ng"
| #define PACKAGE_VERSION "3.3.3"
| #define PACKAGE_STRING "procps-ng 3.3.3"
| #define PACKAGE_BUGREPORT "procps@freelists.org"
| #define PACKAGE_URL "http://gitorious.org/procps"
| #define PACKAGE "procps-ng"
| #define VERSION "3.3.3"
| #define STDC_HEADERS 1
| #define HAVE_SYS_TYPES_H 1
| #define HAVE_SYS_STAT_H 1
| #define HAVE_STDLIB_H 1
| #define HAVE_STRING_H 1
| #define HAVE_MEMORY_H 1
| #define HAVE_STRINGS_H 1
| #define HAVE_INTTYPES_H 1
| #define HAVE_STDINT_H 1
| #define HAVE_UNISTD_H 1
| #define __EXTENSIONS__ 1
| #define _ALL_SOURCE 1
| #define _GNU_SOURCE 1
| #define _POSIX_PTHREAD_SEMANTICS 1
| #define _TANDEM_SOURCE 1
| #define HAVE_FCNTL_H 1
| #define HAVE_LANGINFO_H 1
| #define HAVE_LIBINTL_H 1
| #define HAVE_LIMITS_H 1
| #define HAVE_LOCALE_H 1
| #define HAVE_NETINET_IN_H 1
| #define HAVE_STDINT_H 1
| #define HAVE_STDLIB_H 1
| #define HAVE_STRING_H 1
| #define HAVE_SYS_FILE_H 1
| #define HAVE_SYS_IOCTL_H 1
| #define HAVE_SYS_PARAM_H 1
| #define HAVE_SYS_TIME_H 1
| #define HAVE_TERMIOS_H 1
| #define HAVE_UNISTD_H 1
| #define HAVE_UTMP_H 1
| #define HAVE_VALUES_H 1
| #define HAVE_WCHAR_H 1
| #define HAVE_WCTYPE_H 1
| /* end confdefs.h.  */
| #include <stdio.h>
| #ifdef HAVE_SYS_TYPES_H
| # include <sys/types.h>
| #endif
| #ifdef HAVE_SYS_STAT_H
| # include <sys/stat.h>
| #endif
| #ifdef STDC_HEADERS
| # include <stdlib.h>
| # include <stddef.h>
| #else
| # ifdef HAVE_STDLIB_H
| #  include <stdlib.h>
| # endif
| #endif
| #ifdef HAVE_STRING_H
| # if !defined STDC_HEADERS && defined HAVE_MEMORY_H
| #  include <memory.h>
| # endif
| # include <string.h>
| #endif
| #ifdef HAVE_STRINGS_H
| # include <strings.h>
| #endif
| #ifdef HAVE_INTTYPES_H
| # include <inttypes.h>
| #endif
| #ifdef HAVE_STDINT_H
| # include <stdint.h>
| #endif
| #ifdef HAVE_UNISTD_H
| # include <unistd.h>
| #endif
| int
| main ()
| {
| if (sizeof ((_Bool)))
| 	    return 0;
|   ;
|   return 0;
| }
configure:5845: result: yes
configure:5861: checking for struct stat.st_rdev
configure:5861: gcc -std=gnu99 -c -g -O2  conftest.c >&5
configure:5861: $? = 0
configure:5861: result: yes
configure:5871: checking for inline
configure:5887: gcc -std=gnu99 -c -g -O2  conftest.c >&5
configure:5887: $? = 0
configure:5895: result: inline
configure:5913: checking for C/C++ restrict keyword
configure:5938: gcc -std=gnu99 -c -g -O2  conftest.c >&5
configure:5938: $? = 0
configure:5946: result: __restrict
configure:5959: checking for pid_t
configure:5959: gcc -std=gnu99 -c -g -O2  conftest.c >&5
configure:5959: $? = 0
configure:5959: gcc -std=gnu99 -c -g -O2  conftest.c >&5
conftest.c: In function 'main':
conftest.c:85:20: error: expected expression before ')' token
configure:5959: $? = 1
configure: failed program was:
| /* confdefs.h */
| #define PACKAGE_NAME "procps-ng"
| #define PACKAGE_TARNAME "procps-ng"
| #define PACKAGE_VERSION "3.3.3"
| #define PACKAGE_STRING "procps-ng 3.3.3"
| #define PACKAGE_BUGREPORT "procps@freelists.org"
| #define PACKAGE_URL "http://gitorious.org/procps"
| #define PACKAGE "procps-ng"
| #define VERSION "3.3.3"
| #define STDC_HEADERS 1
| #define HAVE_SYS_TYPES_H 1
| #define HAVE_SYS_STAT_H 1
| #define HAVE_STDLIB_H 1
| #define HAVE_STRING_H 1
| #define HAVE_MEMORY_H 1
| #define HAVE_STRINGS_H 1
| #define HAVE_INTTYPES_H 1
| #define HAVE_STDINT_H 1
| #define HAVE_UNISTD_H 1
| #define __EXTENSIONS__ 1
| #define _ALL_SOURCE 1
| #define _GNU_SOURCE 1
| #define _POSIX_PTHREAD_SEMANTICS 1
| #define _TANDEM_SOURCE 1
| #define HAVE_FCNTL_H 1
| #define HAVE_LANGINFO_H 1
| #define HAVE_LIBINTL_H 1
| #define HAVE_LIMITS_H 1
| #define HAVE_LOCALE_H 1
| #define HAVE_NETINET_IN_H 1
| #define HAVE_STDINT_H 1
| #define HAVE_STDLIB_H 1
| #define HAVE_STRING_H 1
| #define HAVE_SYS_FILE_H 1
| #define HAVE_SYS_IOCTL_H 1
| #define HAVE_SYS_PARAM_H 1
| #define HAVE_SYS_TIME_H 1
| #define HAVE_TERMIOS_H 1
| #define HAVE_UNISTD_H 1
| #define HAVE_UTMP_H 1
| #define HAVE_VALUES_H 1
| #define HAVE_WCHAR_H 1
| #define HAVE_WCTYPE_H 1
| #define HAVE__BOOL 1
| #define HAVE_STDBOOL_H 1
| #define HAVE_STRUCT_STAT_ST_RDEV 1
| #define restrict __restrict
| /* end confdefs.h.  */
| #include <stdio.h>
| #ifdef HAVE_SYS_TYPES_H
| # include <sys/types.h>
| #endif
| #ifdef HAVE_SYS_STAT_H
| # include <sys/stat.h>
| #endif
| #ifdef STDC_HEADERS
| # include <stdlib.h>
| # include <stddef.h>
| #else
| # ifdef HAVE_STDLIB_H
| #  include <stdlib.h>
| # endif
| #endif
| #ifdef HAVE_STRING_H
| # if !defined STDC_HEADERS && defined HAVE_MEMORY_H
| #  include <memory.h>
| # endif
| # include <string.h>
| #endif
| #ifdef HAVE_STRINGS_H
| # include <strings.h>
| #endif
| #ifdef HAVE_INTTYPES_H
| # include <inttypes.h>
| #endif
| #ifdef HAVE_STDINT_H
| # include <stdint.h>
| #endif
| #ifdef HAVE_UNISTD_H
| # include <unistd.h>
| #endif
| int
| main ()
| {
| if (sizeof ((pid_t)))
| 	    return 0;
|   ;
|   return 0;
| }
configure:5959: result: yes
configure:5970: checking for size_t
configure:5970: gcc -std=gnu99 -c -g -O2  conftest.c >&5
configure:5970: $? = 0
configure:5970: gcc -std=gnu99 -c -g -O2  conftest.c >&5
conftest.c: In function 'main':
conftest.c:85:21: error: expected expression before ')' token
configure:5970: $? = 1
configure: failed program was:
| /* confdefs.h */
| #define PACKAGE_NAME "procps-ng"
| #define PACKAGE_TARNAME "procps-ng"
| #define PACKAGE_VERSION "3.3.3"
| #define PACKAGE_STRING "procps-ng 3.3.3"
| #define PACKAGE_BUGREPORT "procps@freelists.org"
| #define PACKAGE_URL "http://gitorious.org/procps"
| #define PACKAGE "procps-ng"
| #define VERSION "3.3.3"
| #define STDC_HEADERS 1
| #define HAVE_SYS_TYPES_H 1
| #define HAVE_SYS_STAT_H 1
| #define HAVE_STDLIB_H 1
| #define HAVE_STRING_H 1
| #define HAVE_MEMORY_H 1
| #define HAVE_STRINGS_H 1
| #define HAVE_INTTYPES_H 1
| #define HAVE_STDINT_H 1
| #define HAVE_UNISTD_H 1
| #define __EXTENSIONS__ 1
| #define _ALL_SOURCE 1
| #define _GNU_SOURCE 1
| #define _POSIX_PTHREAD_SEMANTICS 1
| #define _TANDEM_SOURCE 1
| #define HAVE_FCNTL_H 1
| #define HAVE_LANGINFO_H 1
| #define HAVE_LIBINTL_H 1
| #define HAVE_LIMITS_H 1
| #define HAVE_LOCALE_H 1
| #define HAVE_NETINET_IN_H 1
| #define HAVE_STDINT_H 1
| #define HAVE_STDLIB_H 1
| #define HAVE_STRING_H 1
| #define HAVE_SYS_FILE_H 1
| #define HAVE_SYS_IOCTL_H 1
| #define HAVE_SYS_PARAM_H 1
| #define HAVE_SYS_TIME_H 1
| #define HAVE_TERMIOS_H 1
| #define HAVE_UNISTD_H 1
| #define HAVE_UTMP_H 1
| #define HAVE_VALUES_H 1
| #define HAVE_WCHAR_H 1
| #define HAVE_WCTYPE_H 1
| #define HAVE__BOOL 1
| #define HAVE_STDBOOL_H 1
| #define HAVE_STRUCT_STAT_ST_RDEV 1
| #define restrict __restrict
| /* end confdefs.h.  */
| #include <stdio.h>
| #ifdef HAVE_SYS_TYPES_H
| # include <sys/types.h>
| #endif
| #ifdef HAVE_SYS_STAT_H
| # include <sys/stat.h>
| #endif
| #ifdef STDC_HEADERS
| # include <stdlib.h>
| # include <stddef.h>
| #else
| # ifdef HAVE_STDLIB_H
| #  include <stdlib.h>
| # endif
| #endif
| #ifdef HAVE_STRING_H
| # if !defined STDC_HEADERS && defined HAVE_MEMORY_H
| #  include <memory.h>
| # endif
| # include <string.h>
| #endif
| #ifdef HAVE_STRINGS_H
| # include <strings.h>
| #endif
| #ifdef HAVE_INTTYPES_H
| # include <inttypes.h>
| #endif
| #ifdef HAVE_STDINT_H
| # include <stdint.h>
| #endif
| #ifdef HAVE_UNISTD_H
| # include <unistd.h>
| #endif
| int
| main ()
| {
| if (sizeof ((size_t)))
| 	    return 0;
|   ;
|   return 0;
| }
configure:5970: result: yes
configure:5981: checking for ssize_t
configure:5981: gcc -std=gnu99 -c -g -O2  conftest.c >&5
configure:5981: $? = 0
configure:5981: gcc -std=gnu99 -c -g -O2  conftest.c >&5
conftest.c: In function 'main':
conftest.c:85:22: error: expected expression before ')' token
configure:5981: $? = 1
configure: failed program was:
| /* confdefs.h */
| #define PACKAGE_NAME "procps-ng"
| #define PACKAGE_TARNAME "procps-ng"
| #define PACKAGE_VERSION "3.3.3"
| #define PACKAGE_STRING "procps-ng 3.3.3"
| #define PACKAGE_BUGREPORT "procps@freelists.org"
| #define PACKAGE_URL "http://gitorious.org/procps"
| #define PACKAGE "procps-ng"
| #define VERSION "3.3.3"
| #define STDC_HEADERS 1
| #define HAVE_SYS_TYPES_H 1
| #define HAVE_SYS_STAT_H 1
| #define HAVE_STDLIB_H 1
| #define HAVE_STRING_H 1
| #define HAVE_MEMORY_H 1
| #define HAVE_STRINGS_H 1
| #define HAVE_INTTYPES_H 1
| #define HAVE_STDINT_H 1
| #define HAVE_UNISTD_H 1
| #define __EXTENSIONS__ 1
| #define _ALL_SOURCE 1
| #define _GNU_SOURCE 1
| #define _POSIX_PTHREAD_SEMANTICS 1
| #define _TANDEM_SOURCE 1
| #define HAVE_FCNTL_H 1
| #define HAVE_LANGINFO_H 1
| #define HAVE_LIBINTL_H 1
| #define HAVE_LIMITS_H 1
| #define HAVE_LOCALE_H 1
| #define HAVE_NETINET_IN_H 1
| #define HAVE_STDINT_H 1
| #define HAVE_STDLIB_H 1
| #define HAVE_STRING_H 1
| #define HAVE_SYS_FILE_H 1
| #define HAVE_SYS_IOCTL_H 1
| #define HAVE_SYS_PARAM_H 1
| #define HAVE_SYS_TIME_H 1
| #define HAVE_TERMIOS_H 1
| #define HAVE_UNISTD_H 1
| #define HAVE_UTMP_H 1
| #define HAVE_VALUES_H 1
| #define HAVE_WCHAR_H 1
| #define HAVE_WCTYPE_H 1
| #define HAVE__BOOL 1
| #define HAVE_STDBOOL_H 1
| #define HAVE_STRUCT_STAT_ST_RDEV 1
| #define restrict __restrict
| /* end confdefs.h.  */
| #include <stdio.h>
| #ifdef HAVE_SYS_TYPES_H
| # include <sys/types.h>
| #endif
| #ifdef HAVE_SYS_STAT_H
| # include <sys/stat.h>
| #endif
| #ifdef STDC_HEADERS
| # include <stdlib.h>
| # include <stddef.h>
| #else
| # ifdef HAVE_STDLIB_H
| #  include <stdlib.h>
| # endif
| #endif
| #ifdef HAVE_STRING_H
| # if !defined STDC_HEADERS && defined HAVE_MEMORY_H
| #  include <memory.h>
| # endif
| # include <string.h>
| #endif
| #ifdef HAVE_STRINGS_H
| # include <strings.h>
| #endif
| #ifdef HAVE_INTTYPES_H
| # include <inttypes.h>
| #endif
| #ifdef HAVE_STDINT_H
| # include <stdint.h>
| #endif
| #ifdef HAVE_UNISTD_H
| # include <unistd.h>
| #endif
| int
| main ()
| {
| if (sizeof ((ssize_t)))
| 	    return 0;
|   ;
|   return 0;
| }
configure:5981: result: yes
configure:5992: checking for uid_t in sys/types.h
configure:6011: result: yes
configure:6052: checking build system type
configure:6066: result: x86_64-unknown-linux-gnu
configure:6086: checking host system type
configure:6099: result: x86_64-unknown-linux-gnu
configure:6140: checking how to print strings
configure:6167: result: printf
configure:6188: checking for a sed that does not truncate output
configure:6252: result: /bin/sed
configure:6270: checking for fgrep
configure:6332: result: /bin/grep -F
configure:6367: checking for ld used by gcc -std=gnu99
configure:6434: result: /usr/bin/ld
configure:6441: checking if the linker (/usr/bin/ld) is GNU ld
configure:6456: result: yes
configure:6468: checking for BSD- or MS-compatible name lister (nm)
configure:6517: result: /usr/bin/nm -B
configure:6647: checking the name lister (/usr/bin/nm -B) interface
configure:6654: gcc -std=gnu99 -c -g -O2  conftest.c >&5
configure:6657: /usr/bin/nm -B "conftest.o"
configure:6660: output
0000000000000000 B some_variable
configure:6667: result: BSD nm
configure:6671: checking the maximum length of command line arguments
configure:6801: result: 1572864
configure:6818: checking whether the shell understands some XSI constructs
configure:6828: result: yes
configure:6832: checking whether the shell understands "+="
configure:6838: result: yes
configure:6873: checking how to convert x86_64-unknown-linux-gnu file names to x86_64-unknown-linux-gnu format
configure:6913: result: func_convert_file_noop
configure:6920: checking how to convert x86_64-unknown-linux-gnu file names to toolchain format
configure:6940: result: func_convert_file_noop
configure:6947: checking for /usr/bin/ld option to reload object files
configure:6954: result: -r
configure:7028: checking for objdump
configure:7044: found /usr/bin/objdump
configure:7055: result: objdump
configure:7087: checking how to recognize dependent libraries
configure:7289: result: pass_all
configure:7374: checking for dlltool
configure:7404: result: no
configure:7434: checking how to associate runtime and link libraries
configure:7461: result: printf %s\n
configure:7521: checking for ar
configure:7537: found /usr/bin/ar
configure:7548: result: ar
configure:7585: checking for archiver @FILE support
configure:7602: gcc -std=gnu99 -c -g -O2  conftest.c >&5
configure:7602: $? = 0
configure:7605: ar cru libconftest.a @conftest.lst >&5
configure:7608: $? = 0
configure:7613: ar cru libconftest.a @conftest.lst >&5
ar: conftest.o: No such file or directory
configure:7616: $? = 1
configure:7628: result: @
configure:7686: checking for strip
configure:7702: found /usr/bin/strip
configure:7713: result: strip
configure:7785: checking for ranlib
configure:7801: found /usr/bin/ranlib
configure:7812: result: ranlib
configure:7914: checking command to parse /usr/bin/nm -B output from gcc -std=gnu99 object
configure:8034: gcc -std=gnu99 -c -g -O2  conftest.c >&5
configure:8037: $? = 0
configure:8041: /usr/bin/nm -B conftest.o \| sed -n -e 's/^.*[ ]\([ABCDGIRSTW][ABCDGIRSTW]*\)[ ][ ]*\([_A-Za-z][_A-Za-z0-9]*\)$/\1 \2 \2/p' | sed '/ __gnu_lto/d' \> conftest.nm
configure:8044: $? = 0
configure:8110: gcc -std=gnu99 -o conftest -g -O2   conftest.c conftstm.o >&5
configure:8113: $? = 0
configure:8151: result: ok
configure:8188: checking for sysroot
configure:8218: result: no
configure:8295: gcc -std=gnu99 -c -g -O2  conftest.c >&5
configure:8298: $? = 0
configure:8474: checking for mt
configure:8490: found /bin/mt
configure:8501: result: mt
configure:8524: checking if mt is a manifest tool
configure:8530: mt '-?'
configure:8538: result: no
configure:9177: checking for dlfcn.h
configure:9177: gcc -std=gnu99 -c -g -O2  conftest.c >&5
configure:9177: $? = 0
configure:9177: result: yes
configure:9383: checking for objdir
configure:9398: result: .libs
configure:9669: checking if gcc -std=gnu99 supports -fno-rtti -fno-exceptions
configure:9687: gcc -std=gnu99 -c -g -O2  -fno-rtti -fno-exceptions conftest.c >&5
cc1: warning: command line option '-fno-rtti' is valid for C++/ObjC++ but not for C [enabled by default]
configure:9691: $? = 0
configure:9704: result: no
configure:10031: checking for gcc -std=gnu99 option to produce PIC
configure:10038: result: -fPIC -DPIC
configure:10046: checking if gcc -std=gnu99 PIC flag -fPIC -DPIC works
configure:10064: gcc -std=gnu99 -c -g -O2  -fPIC -DPIC -DPIC conftest.c >&5
configure:10068: $? = 0
configure:10081: result: yes
configure:10110: checking if gcc -std=gnu99 static flag -static works
configure:10138: result: yes
configure:10153: checking if gcc -std=gnu99 supports -c -o file.o
configure:10174: gcc -std=gnu99 -c -g -O2  -o out/conftest2.o conftest.c >&5
configure:10178: $? = 0
configure:10200: result: yes
configure:10208: checking if gcc -std=gnu99 supports -c -o file.o
configure:10255: result: yes
configure:10288: checking whether the gcc -std=gnu99 linker (/usr/bin/ld -m elf_x86_64) supports shared libraries
configure:11445: result: yes
configure:11482: checking whether -lc should be explicitly linked in
configure:11490: gcc -std=gnu99 -c -g -O2  conftest.c >&5
configure:11493: $? = 0
configure:11508: gcc -std=gnu99 -shared  -fPIC -DPIC conftest.o  -v -Wl,-soname -Wl,conftest -o conftest 2\>\&1 \| /bin/grep  -lc  \>/dev/null 2\>\&1
configure:11511: $? = 0
configure:11525: result: no
configure:11685: checking dynamic linker characteristics
configure:12196: gcc -std=gnu99 -o conftest -g -O2   -Wl,-rpath -Wl,/foo conftest.c  >&5
configure:12196: $? = 0
configure:12430: result: GNU/Linux ld.so
configure:12537: checking how to hardcode library paths into programs
configure:12562: result: immediate
configure:13102: checking whether stripping libraries is possible
configure:13107: result: yes
configure:13142: checking if libtool supports shared libraries
configure:13144: result: yes
configure:13147: checking whether to build shared libraries
configure:13168: result: yes
configure:13171: checking whether to build static libraries
configure:13175: result: yes
configure:13214: checking for error_at_line
configure:13230: gcc -std=gnu99 -o conftest -g -O2   conftest.c  >&5
configure:13230: $? = 0
configure:13238: result: yes
configure:13251: checking vfork.h usability
configure:13251: gcc -std=gnu99 -c -g -O2  conftest.c >&5
conftest.c:84:19: fatal error: vfork.h: No such file or directory
compilation terminated.
configure:13251: $? = 1
configure: failed program was:
| /* confdefs.h */
| #define PACKAGE_NAME "procps-ng"
| #define PACKAGE_TARNAME "procps-ng"
| #define PACKAGE_VERSION "3.3.3"
| #define PACKAGE_STRING "procps-ng 3.3.3"
| #define PACKAGE_BUGREPORT "procps@freelists.org"
| #define PACKAGE_URL "http://gitorious.org/procps"
| #define PACKAGE "procps-ng"
| #define VERSION "3.3.3"
| #define STDC_HEADERS 1
| #define HAVE_SYS_TYPES_H 1
| #define HAVE_SYS_STAT_H 1
| #define HAVE_STDLIB_H 1
| #define HAVE_STRING_H 1
| #define HAVE_MEMORY_H 1
| #define HAVE_STRINGS_H 1
| #define HAVE_INTTYPES_H 1
| #define HAVE_STDINT_H 1
| #define HAVE_UNISTD_H 1
| #define __EXTENSIONS__ 1
| #define _ALL_SOURCE 1
| #define _GNU_SOURCE 1
| #define _POSIX_PTHREAD_SEMANTICS 1
| #define _TANDEM_SOURCE 1
| #define HAVE_FCNTL_H 1
| #define HAVE_LANGINFO_H 1
| #define HAVE_LIBINTL_H 1
| #define HAVE_LIMITS_H 1
| #define HAVE_LOCALE_H 1
| #define HAVE_NETINET_IN_H 1
| #define HAVE_STDINT_H 1
| #define HAVE_STDLIB_H 1
| #define HAVE_STRING_H 1
| #define HAVE_SYS_FILE_H 1
| #define HAVE_SYS_IOCTL_H 1
| #define HAVE_SYS_PARAM_H 1
| #define HAVE_SYS_TIME_H 1
| #define HAVE_TERMIOS_H 1
| #define HAVE_UNISTD_H 1
| #define HAVE_UTMP_H 1
| #define HAVE_VALUES_H 1
| #define HAVE_WCHAR_H 1
| #define HAVE_WCTYPE_H 1
| #define HAVE__BOOL 1
| #define HAVE_STDBOOL_H 1
| #define HAVE_STRUCT_STAT_ST_RDEV 1
| #define restrict __restrict
| #define HAVE_DLFCN_H 1
| #define LT_OBJDIR ".libs/"
| /* end confdefs.h.  */
| #include <stdio.h>
| #ifdef HAVE_SYS_TYPES_H
| # include <sys/types.h>
| #endif
| #ifdef HAVE_SYS_STAT_H
| # include <sys/stat.h>
| #endif
| #ifdef STDC_HEADERS
| # include <stdlib.h>
| # include <stddef.h>
| #else
| # ifdef HAVE_STDLIB_H
| #  include <stdlib.h>
| # endif
| #endif
| #ifdef HAVE_STRING_H
| # if !defined STDC_HEADERS && defined HAVE_MEMORY_H
| #  include <memory.h>
| # endif
| # include <string.h>
| #endif
| #ifdef HAVE_STRINGS_H
| # include <strings.h>
| #endif
| #ifdef HAVE_INTTYPES_H
| # include <inttypes.h>
| #endif
| #ifdef HAVE_STDINT_H
| # include <stdint.h>
| #endif
| #ifdef HAVE_UNISTD_H
| # include <unistd.h>
| #endif
| #include <vfork.h>
configure:13251: result: no
configure:13251: checking vfork.h presence
configure:13251: gcc -E  conftest.c
conftest.c:51:19: fatal error: vfork.h: No such file or directory
compilation terminated.
configure:13251: $? = 1
configure: failed program was:
| /* confdefs.h */
| #define PACKAGE_NAME "procps-ng"
| #define PACKAGE_TARNAME "procps-ng"
| #define PACKAGE_VERSION "3.3.3"
| #define PACKAGE_STRING "procps-ng 3.3.3"
| #define PACKAGE_BUGREPORT "procps@freelists.org"
| #define PACKAGE_URL "http://gitorious.org/procps"
| #define PACKAGE "procps-ng"
| #define VERSION "3.3.3"
| #define STDC_HEADERS 1
| #define HAVE_SYS_TYPES_H 1
| #define HAVE_SYS_STAT_H 1
| #define HAVE_STDLIB_H 1
| #define HAVE_STRING_H 1
| #define HAVE_MEMORY_H 1
| #define HAVE_STRINGS_H 1
| #define HAVE_INTTYPES_H 1
| #define HAVE_STDINT_H 1
| #define HAVE_UNISTD_H 1
| #define __EXTENSIONS__ 1
| #define _ALL_SOURCE 1
| #define _GNU_SOURCE 1
| #define _POSIX_PTHREAD_SEMANTICS 1
| #define _TANDEM_SOURCE 1
| #define HAVE_FCNTL_H 1
| #define HAVE_LANGINFO_H 1
| #define HAVE_LIBINTL_H 1
| #define HAVE_LIMITS_H 1
| #define HAVE_LOCALE_H 1
| #define HAVE_NETINET_IN_H 1
| #define HAVE_STDINT_H 1
| #define HAVE_STDLIB_H 1
| #define HAVE_STRING_H 1
| #define HAVE_SYS_FILE_H 1
| #define HAVE_SYS_IOCTL_H 1
| #define HAVE_SYS_PARAM_H 1
| #define HAVE_SYS_TIME_H 1
| #define HAVE_TERMIOS_H 1
| #define HAVE_UNISTD_H 1
| #define HAVE_UTMP_H 1
| #define HAVE_VALUES_H 1
| #define HAVE_WCHAR_H 1
| #define HAVE_WCTYPE_H 1
| #define HAVE__BOOL 1
| #define HAVE_STDBOOL_H 1
| #define HAVE_STRUCT_STAT_ST_RDEV 1
| #define restrict __restrict
| #define HAVE_DLFCN_H 1
| #define LT_OBJDIR ".libs/"
| /* end confdefs.h.  */
| #include <vfork.h>
configure:13251: result: no
configure:13251: checking for vfork.h
configure:13251: result: no
configure:13264: checking for fork
configure:13264: gcc -std=gnu99 -o conftest -g -O2   conftest.c  >&5
conftest.c:74:6: warning: conflicting types for built-in function 'fork' [enabled by default]
configure:13264: $? = 0
configure:13264: result: yes
configure:13264: checking for vfork
configure:13264: gcc -std=gnu99 -o conftest -g -O2   conftest.c  >&5
configure:13264: $? = 0
configure:13264: result: yes
configure:13274: checking for working fork
configure:13296: gcc -std=gnu99 -o conftest -g -O2   conftest.c  >&5
configure:13296: $? = 0
configure:13296: ./conftest
configure:13296: $? = 0
configure:13306: result: yes
configure:13327: checking for working vfork
configure:13437: result: yes
configure:13464: checking for stdlib.h
configure:13464: result: yes
configure:13474: checking for GNU libc compatible malloc
configure:13498: gcc -std=gnu99 -o conftest -g -O2   conftest.c  >&5
configure:13498: $? = 0
configure:13498: ./conftest
configure:13498: $? = 0
configure:13508: result: yes
configure:13530: checking whether mbrtowc and mbstate_t are properly declared
configure:13550: gcc -std=gnu99 -o conftest -g -O2   conftest.c  >&5
configure:13550: $? = 0
configure:13558: result: yes
configure:13572: checking for stdlib.h
configure:13572: result: yes
configure:13572: checking for unistd.h
configure:13572: result: yes
configure:13572: checking for sys/param.h
configure:13572: result: yes
configure:13592: checking for getpagesize
configure:13592: gcc -std=gnu99 -o conftest -g -O2   conftest.c  >&5
configure:13592: $? = 0
configure:13592: result: yes
configure:13601: checking for working mmap
configure:13748: gcc -std=gnu99 -o conftest -g -O2   conftest.c  >&5
configure:13748: $? = 0
configure:13748: ./conftest
configure:13748: $? = 0
configure:13758: result: yes
configure:13769: checking for stdlib.h
configure:13769: result: yes
configure:13779: checking for GNU libc compatible realloc
configure:13803: gcc -std=gnu99 -o conftest -g -O2   conftest.c  >&5
configure:13803: $? = 0
configure:13803: ./conftest
configure:13803: $? = 0
configure:13813: result: yes
configure:13834: checking for working strtod
configure:13875: gcc -std=gnu99 -o conftest -g -O2   conftest.c  >&5
configure:13875: $? = 0
configure:13875: ./conftest
configure:13875: $? = 0
configure:13885: result: yes
configure:13982: checking for alarm
configure:13982: gcc -std=gnu99 -o conftest -g -O2   conftest.c  >&5
configure:13982: $? = 0
configure:13982: result: yes
configure:13982: checking for getline
configure:13982: gcc -std=gnu99 -o conftest -g -O2   conftest.c  >&5
configure:13982: $? = 0
configure:13982: result: yes
configure:13982: checking for getpagesize
configure:13982: result: yes
configure:13982: checking for gettimeofday
configure:13982: gcc -std=gnu99 -o conftest -g -O2   conftest.c  >&5
configure:13982: $? = 0
configure:13982: result: yes
configure:13982: checking for iswprint
configure:13982: gcc -std=gnu99 -o conftest -g -O2   conftest.c  >&5
conftest.c:92:6: warning: conflicting types for built-in function 'iswprint' [enabled by default]
configure:13982: $? = 0
configure:13982: result: yes
configure:13982: checking for memchr
configure:13982: gcc -std=gnu99 -o conftest -g -O2   conftest.c  >&5
conftest.c:93:6: warning: conflicting types for built-in function 'memchr' [enabled by default]
configure:13982: $? = 0
configure:13982: result: yes
configure:13982: checking for memmove
configure:13982: gcc -std=gnu99 -o conftest -g -O2   conftest.c  >&5
conftest.c:94:6: warning: conflicting types for built-in function 'memmove' [enabled by default]
configure:13982: $? = 0
configure:13982: result: yes
configure:13982: checking for memset
configure:13982: gcc -std=gnu99 -o conftest -g -O2   conftest.c  >&5
conftest.c:95:6: warning: conflicting types for built-in function 'memset' [enabled by default]
configure:13982: $? = 0
configure:13982: result: yes
configure:13982: checking for munmap
configure:13982: gcc -std=gnu99 -o conftest -g -O2   conftest.c  >&5
configure:13982: $? = 0
configure:13982: result: yes
configure:13982: checking for nl_langinfo
configure:13982: gcc -std=gnu99 -o conftest -g -O2   conftest.c  >&5
configure:13982: $? = 0
configure:13982: result: yes
configure:13982: checking for putenv
configure:13982: gcc -std=gnu99 -o conftest -g -O2   conftest.c  >&5
configure:13982: $? = 0
configure:13982: result: yes
configure:13982: checking for regcomp
configure:13982: gcc -std=gnu99 -o conftest -g -O2   conftest.c  >&5
configure:13982: $? = 0
configure:13982: result: yes
configure:13982: checking for rpmatch
configure:13982: gcc -std=gnu99 -o conftest -g -O2   conftest.c  >&5
configure:13982: $? = 0
configure:13982: result: yes
configure:13982: checking for select
configure:13982: gcc -std=gnu99 -o conftest -g -O2   conftest.c  >&5
configure:13982: $? = 0
configure:13982: result: yes
configure:13982: checking for setlocale
configure:13982: gcc -std=gnu99 -o conftest -g -O2   conftest.c  >&5
configure:13982: $? = 0
configure:13982: result: yes
configure:13982: checking for strcasecmp
configure:13982: gcc -std=gnu99 -o conftest -g -O2   conftest.c  >&5
conftest.c:103:6: warning: conflicting types for built-in function 'strcasecmp' [enabled by default]
configure:13982: $? = 0
configure:13982: result: yes
configure:13982: checking for strchr
configure:13982: gcc -std=gnu99 -o conftest -g -O2   conftest.c  >&5
conftest.c:104:6: warning: conflicting types for built-in function 'strchr' [enabled by default]
configure:13982: $? = 0
configure:13982: result: yes
configure:13982: checking for strcspn
configure:13982: gcc -std=gnu99 -o conftest -g -O2   conftest.c  >&5
conftest.c:105:6: warning: conflicting types for built-in function 'strcspn' [enabled by default]
configure:13982: $? = 0
configure:13982: result: yes
configure:13982: checking for strdup
configure:13982: gcc -std=gnu99 -o conftest -g -O2   conftest.c  >&5
conftest.c:106:6: warning: conflicting types for built-in function 'strdup' [enabled by default]
configure:13982: $? = 0
configure:13982: result: yes
configure:13982: checking for strerror
configure:13982: gcc -std=gnu99 -o conftest -g -O2   conftest.c  >&5
configure:13982: $? = 0
configure:13982: result: yes
configure:13982: checking for strncasecmp
configure:13982: gcc -std=gnu99 -o conftest -g -O2   conftest.c  >&5
conftest.c:108:6: warning: conflicting types for built-in function 'strncasecmp' [enabled by default]
configure:13982: $? = 0
configure:13982: result: yes
configure:13982: checking for strpbrk
configure:13982: gcc -std=gnu99 -o conftest -g -O2   conftest.c  >&5
conftest.c:109:6: warning: conflicting types for built-in function 'strpbrk' [enabled by default]
configure:13982: $? = 0
configure:13982: result: yes
configure:13982: checking for strrchr
configure:13982: gcc -std=gnu99 -o conftest -g -O2   conftest.c  >&5
conftest.c:110:6: warning: conflicting types for built-in function 'strrchr' [enabled by default]
configure:13982: $? = 0
configure:13982: result: yes
configure:13982: checking for strspn
configure:13982: gcc -std=gnu99 -o conftest -g -O2   conftest.c  >&5
conftest.c:111:6: warning: conflicting types for built-in function 'strspn' [enabled by default]
configure:13982: $? = 0
configure:13982: result: yes
configure:13982: checking for strstr
configure:13982: gcc -std=gnu99 -o conftest -g -O2   conftest.c  >&5
conftest.c:112:6: warning: conflicting types for built-in function 'strstr' [enabled by default]
configure:13982: $? = 0
configure:13982: result: yes
configure:13982: checking for strtol
configure:13982: gcc -std=gnu99 -o conftest -g -O2   conftest.c  >&5
configure:13982: $? = 0
configure:13982: result: yes
configure:13982: checking for strtoul
configure:13982: gcc -std=gnu99 -o conftest -g -O2   conftest.c  >&5
configure:13982: $? = 0
configure:13982: result: yes
configure:13982: checking for strverscmp
configure:13982: gcc -std=gnu99 -o conftest -g -O2   conftest.c  >&5
configure:13982: $? = 0
configure:13982: result: yes
configure:13982: checking for uname
configure:13982: gcc -std=gnu99 -o conftest -g -O2   conftest.c  >&5
configure:13982: $? = 0
configure:13982: result: yes
configure:13982: checking for utmpname
configure:13982: gcc -std=gnu99 -o conftest -g -O2   conftest.c  >&5
configure:13982: $? = 0
configure:13982: result: yes
configure:13982: checking for wcwidth
configure:13982: gcc -std=gnu99 -o conftest -g -O2   conftest.c  >&5
configure:13982: $? = 0
configure:13982: result: yes
configure:14010: checking whether NLS is requested
configure:14019: result: yes
configure:14057: checking for msgfmt
configure:14088: result: /usr/bin/msgfmt
configure:14097: checking for gmsgfmt
configure:14128: result: /usr/bin/msgfmt
configure:14168: checking for xgettext
configure:14199: result: /usr/bin/xgettext
configure:14239: checking for msgmerge
configure:14269: result: /usr/bin/msgmerge
configure:14344: checking for ld used by GCC
configure:14408: result: /usr/bin/ld -m elf_x86_64
configure:14415: checking if the linker (/usr/bin/ld -m elf_x86_64) is GNU ld
configure:14428: result: yes
configure:14434: checking for shared library run path origin
configure:14447: result: done
configure:14863: checking whether NLS is requested
configure:14872: result: yes
configure:14890: checking for GNU gettext in libc
configure:14909: gcc -std=gnu99 -o conftest -g -O2   conftest.c  >&5
conftest.c: In function 'main':
conftest.c:103:8: warning: cast from pointer to integer of different size [-Wpointer-to-int-cast]
configure:14909: $? = 0
configure:14917: result: yes
configure:15497: checking whether to use NLS
configure:15499: result: yes
configure:15502: checking where the gettext function comes from
configure:15513: result: libc
configure:15571: checking whether program_invocation_short_name is defined
configure:15584: gcc -std=gnu99 -c -g -O2  conftest.c >&5
configure:15584: $? = 0
configure:15588: result: yes
configure:15618: checking for NCURSES
configure:15625: $PKG_CONFIG --exists --print-errors "ncurses"
configure:15628: $? = 0
configure:15642: $PKG_CONFIG --exists --print-errors "ncurses"
configure:15645: $? = 0
configure:15809: result: yes
configure:16254: creating ./config.status

## ---------------------- ##
## Running config.status. ##
## ---------------------- ##

This file was extended by procps-ng config.status 3.3.3, which was
generated by GNU Autoconf 2.68.  Invocation command line was

  CONFIG_FILES    = 
  CONFIG_HEADERS  = 
  CONFIG_LINKS    = 
  CONFIG_COMMANDS = 
  $ ./config.status 

on kali

config.status:1217: creating Makefile
config.status:1217: creating include/Makefile
config.status:1217: creating lib/Makefile
config.status:1217: creating po/Makefile.in
config.status:1217: creating proc/Makefile
config.status:1217: creating proc/libprocps.pc
config.status:1217: creating ps/Makefile
config.status:1217: creating testsuite/Makefile
config.status:1217: creating top/Makefile
config.status:1217: creating config.h
config.status:1446: executing depfiles commands
config.status:1446: executing libtool commands
config.status:1446: executing default-1 commands

## ---------------- ##
## Cache variables. ##
## ---------------- ##

ac_cv_build=x86_64-unknown-linux-gnu
ac_cv_c_compiler_gnu=yes
ac_cv_c_inline=inline
ac_cv_c_restrict=__restrict
ac_cv_env_CC_set=
ac_cv_env_CC_value=
ac_cv_env_CFLAGS_set=
ac_cv_env_CFLAGS_value=
ac_cv_env_CPPFLAGS_set=
ac_cv_env_CPPFLAGS_value=
ac_cv_env_CPP_set=
ac_cv_env_CPP_value=
ac_cv_env_LDFLAGS_set=
ac_cv_env_LDFLAGS_value=
ac_cv_env_LIBS_set=
ac_cv_env_LIBS_value=
ac_cv_env_NCURSESW_CFLAGS_set=
ac_cv_env_NCURSESW_CFLAGS_value=
ac_cv_env_NCURSESW_LIBS_set=
ac_cv_env_NCURSESW_LIBS_value=
ac_cv_env_NCURSES_CFLAGS_set=
ac_cv_env_NCURSES_CFLAGS_value=
ac_cv_env_NCURSES_LIBS_set=
ac_cv_env_NCURSES_LIBS_value=
ac_cv_env_PKG_CONFIG_LIBDIR_set=
ac_cv_env_PKG_CONFIG_LIBDIR_value=
ac_cv_env_PKG_CONFIG_PATH_set=
ac_cv_env_PKG_CONFIG_PATH_value=
ac_cv_env_PKG_CONFIG_set=
ac_cv_env_PKG_CONFIG_value=
ac_cv_env_build_alias_set=
ac_cv_env_build_alias_value=
ac_cv_env_host_alias_set=
ac_cv_env_host_alias_value=
ac_cv_env_target_alias_set=
ac_cv_env_target_alias_value=
ac_cv_func_alarm=yes
ac_cv_func_fork=yes
ac_cv_func_fork_works=yes
ac_cv_func_getline=yes
ac_cv_func_getpagesize=yes
ac_cv_func_gettimeofday=yes
ac_cv_func_iswprint=yes
ac_cv_func_malloc_0_nonnull=yes
ac_cv_func_mbrtowc=yes
ac_cv_func_memchr=yes
ac_cv_func_memmove=yes
ac_cv_func_memset=yes
ac_cv_func_mmap_fixed_mapped=yes
ac_cv_func_munmap=yes
ac_cv_func_nl_langinfo=yes
ac_cv_func_putenv=yes
ac_cv_func_realloc_0_nonnull=yes
ac_cv_func_regcomp=yes
ac_cv_func_rpmatch=yes
ac_cv_func_select=yes
ac_cv_func_setlocale=yes
ac_cv_func_strcasecmp=yes
ac_cv_func_strchr=yes
ac_cv_func_strcspn=yes
ac_cv_func_strdup=yes
ac_cv_func_strerror=yes
ac_cv_func_strncasecmp=yes
ac_cv_func_strpbrk=yes
ac_cv_func_strrchr=yes
ac_cv_func_strspn=yes
ac_cv_func_strstr=yes
ac_cv_func_strtod=yes
ac_cv_func_strtol=yes
ac_cv_func_strtoul=yes
ac_cv_func_strverscmp=yes
ac_cv_func_uname=yes
ac_cv_func_utmpname=yes
ac_cv_func_vfork=yes
ac_cv_func_vfork_works=yes
ac_cv_func_wcwidth=yes
ac_cv_header_dlfcn_h=yes
ac_cv_header_fcntl_h=yes
ac_cv_header_inttypes_h=yes
ac_cv_header_langinfo_h=yes
ac_cv_header_libintl_h=yes
ac_cv_header_limits_h=yes
ac_cv_header_locale_h=yes
ac_cv_header_memory_h=yes
ac_cv_header_minix_config_h=no
ac_cv_header_netinet_in_h=yes
ac_cv_header_stdbool_h=yes
ac_cv_header_stdc=yes
ac_cv_header_stdint_h=yes
ac_cv_header_stdlib_h=yes
ac_cv_header_string_h=yes
ac_cv_header_strings_h=yes
ac_cv_header_sys_file_h=yes
ac_cv_header_sys_ioctl_h=yes
ac_cv_header_sys_param_h=yes
ac_cv_header_sys_stat_h=yes
ac_cv_header_sys_time_h=yes
ac_cv_header_sys_types_h=yes
ac_cv_header_sys_types_h_makedev=yes
ac_cv_header_termios_h=yes
ac_cv_header_unistd_h=yes
ac_cv_header_utmp_h=yes
ac_cv_header_values_h=yes
ac_cv_header_vfork_h=no
ac_cv_header_wchar_h=yes
ac_cv_header_wctype_h=yes
ac_cv_host=x86_64-unknown-linux-gnu
ac_cv_lib_error_at_line=yes
ac_cv_member_struct_stat_st_rdev=yes
ac_cv_objext=o
ac_cv_path_EGREP='/bin/grep -E'
ac_cv_path_FGREP='/bin/grep -F'
ac_cv_path_GMSGFMT=/usr/bin/msgfmt
ac_cv_path_GREP=/bin/grep
ac_cv_path_MSGFMT=/usr/bin/msgfmt
ac_cv_path_MSGMERGE=/usr/bin/msgmerge
ac_cv_path_SED=/bin/sed
ac_cv_path_XGETTEXT=/usr/bin/xgettext
ac_cv_path_ac_pt_PKG_CONFIG=/usr/bin/pkg-config
ac_cv_path_install='/usr/bin/install -c'
ac_cv_path_mkdir=/bin/mkdir
ac_cv_prog_AWK=mawk
ac_cv_prog_CPP='gcc -E'
ac_cv_prog_ac_ct_AR=ar
ac_cv_prog_ac_ct_CC=gcc
ac_cv_prog_ac_ct_MANIFEST_TOOL=mt
ac_cv_prog_ac_ct_OBJDUMP=objdump
ac_cv_prog_ac_ct_RANLIB=ranlib
ac_cv_prog_ac_ct_STRIP=strip
ac_cv_prog_cc_c89=
ac_cv_prog_cc_c99=-std=gnu99
ac_cv_prog_cc_g=yes
ac_cv_prog_cc_gcc_c_o=yes
ac_cv_prog_cc_stdc=-std=gnu99
ac_cv_prog_make_make_set=yes
ac_cv_safe_to_define___extensions__=yes
ac_cv_type__Bool=yes
ac_cv_type_pid_t=yes
ac_cv_type_size_t=yes
ac_cv_type_ssize_t=yes
ac_cv_type_uid_t=yes
acl_cv_hardcode_direct=no
acl_cv_hardcode_libdir_flag_spec='${wl}-rpath ${wl}$libdir'
acl_cv_hardcode_libdir_separator=
acl_cv_hardcode_minus_L=no
acl_cv_libext=a
acl_cv_path_LD='/usr/bin/ld -m elf_x86_64'
acl_cv_prog_gnu_ld=yes
acl_cv_rpath=done
acl_cv_shlibext=so
acl_cv_wl=-Wl,
am_cv_CC_dependencies_compiler_type=gcc3
am_cv_prog_tar_pax=gnutar
gt_cv_func_gnugettext1_libc=yes
lt_cv_ar_at_file=@
lt_cv_archive_cmds_need_lc=no
lt_cv_deplibs_check_method=pass_all
lt_cv_file_magic_cmd='$MAGIC_CMD'
lt_cv_file_magic_test_file=
lt_cv_ld_reload_flag=-r
lt_cv_nm_interface='BSD nm'
lt_cv_objdir=.libs
lt_cv_path_LD=/usr/bin/ld
lt_cv_path_NM='/usr/bin/nm -B'
lt_cv_path_mainfest_tool=no
lt_cv_prog_compiler_c_o=yes
lt_cv_prog_compiler_pic='-fPIC -DPIC'
lt_cv_prog_compiler_pic_works=yes
lt_cv_prog_compiler_rtti_exceptions=no
lt_cv_prog_compiler_static_works=yes
lt_cv_prog_gnu_ld=yes
lt_cv_sharedlib_from_linklib_cmd='printf %s\n'
lt_cv_shlibpath_overrides_runpath=no
lt_cv_sys_global_symbol_pipe='sed -n -e '\''s/^.*[	 ]\([ABCDGIRSTW][ABCDGIRSTW]*\)[	 ][	 ]*\([_A-Za-z][_A-Za-z0-9]*\)$/\1 \2 \2/p'\'' | sed '\''/ __gnu_lto/d'\'''
lt_cv_sys_global_symbol_to_c_name_address='sed -n -e '\''s/^: \([^ ]*\)[ ]*$/  {\"\1\", (void *) 0},/p'\'' -e '\''s/^[ABCDGIRSTW]* \([^ ]*\) \([^ ]*\)$/  {"\2", (void *) \&\2},/p'\'''
lt_cv_sys_global_symbol_to_c_name_address_lib_prefix='sed -n -e '\''s/^: \([^ ]*\)[ ]*$/  {\"\1\", (void *) 0},/p'\'' -e '\''s/^[ABCDGIRSTW]* \([^ ]*\) \(lib[^ ]*\)$/  {"\2", (void *) \&\2},/p'\'' -e '\''s/^[ABCDGIRSTW]* \([^ ]*\) \([^ ]*\)$/  {"lib\2", (void *) \&\2},/p'\'''
lt_cv_sys_global_symbol_to_cdecl='sed -n -e '\''s/^T .* \(.*\)$/extern int \1();/p'\'' -e '\''s/^[ABCDGIRSTW]* .* \(.*\)$/extern char \1;/p'\'''
lt_cv_sys_max_cmd_len=1572864
lt_cv_to_host_file_cmd=func_convert_file_noop
lt_cv_to_tool_file_cmd=func_convert_file_noop
pkg_cv_NCURSES_CFLAGS=' '
pkg_cv_NCURSES_LIBS='-lncurses -ltinfo  '

## ----------------- ##
## Output variables. ##
## ----------------- ##

ACLOCAL='${SHELL} /home/Jake/BYOB/src/procps-3.3.3/missing --run aclocal-1.11'
AMDEPBACKSLASH='\'
AMDEP_FALSE='#'
AMDEP_TRUE=''
AMTAR='$${TAR-tar}'
AR='ar'
AUTOCONF='${SHELL} /home/Jake/BYOB/src/procps-3.3.3/missing --run autoconf'
AUTOHEADER='${SHELL} /home/Jake/BYOB/src/procps-3.3.3/missing --run autoheader'
AUTOMAKE='${SHELL} /home/Jake/BYOB/src/procps-3.3.3/missing --run automake-1.11'
AWK='mawk'
BUILD_KILL_FALSE='#'
BUILD_KILL_TRUE=''
BUILD_SKILL_FALSE=''
BUILD_SKILL_TRUE='#'
CC='gcc -std=gnu99'
CCDEPMODE='depmode=gcc3'
CFLAGS='-g -O2'
CPP='gcc -E'
CPPFLAGS=''
CYGPATH_W='echo'
DEFS='-DHAVE_CONFIG_H'
DEJAGNU='$(top_srcdir)/testsuite/global-conf.exp'
DEPDIR='.deps'
DLLTOOL='false'
DSYMUTIL=''
DUMPBIN=''
ECHO_C=''
ECHO_N='-n'
ECHO_T=''
EGREP='/bin/grep -E'
EXAMPLE_FILES_FALSE=''
EXAMPLE_FILES_TRUE='#'
EXEEXT=''
FGREP='/bin/grep -F'
GMSGFMT='/usr/bin/msgfmt'
GREP='/bin/grep'
INSTALL_DATA='${INSTALL} -m 644'
INSTALL_PROGRAM='${INSTALL}'
INSTALL_SCRIPT='${INSTALL}'
INSTALL_STRIP_PROGRAM='$(install_sh) -c -s'
INTLLIBS=''
LD='/usr/bin/ld -m elf_x86_64'
LDFLAGS=''
LIBICONV='-liconv'
LIBINTL=''
LIBOBJS=''
LIBS=''
LIBTOOL='$(SHELL) $(top_builddir)/libtool'
LINUX_FALSE='#'
LINUX_TRUE=''
LIPO=''
LN_S='ln -s'
LTLIBICONV='-liconv'
LTLIBINTL=''
LTLIBOBJS=''
MAKEINFO='${SHELL} /home/Jake/BYOB/src/procps-3.3.3/missing --run makeinfo'
MANIFEST_TOOL=':'
MKDIR_P='/bin/mkdir -p'
MKINSTALLDIRS='$(top_builddir)/./mkinstalldirs'
MSGFMT='/usr/bin/msgfmt'
MSGMERGE='/usr/bin/msgmerge'
NCURSESW_CFLAGS=''
NCURSESW_LIBS=''
NCURSES_CFLAGS=' '
NCURSES_LIBS='-lncurses -ltinfo  '
NM='/usr/bin/nm -B'
NMEDIT=''
OBJDUMP='objdump'
OBJEXT='o'
OTOOL64=''
OTOOL=''
PACKAGE='procps-ng'
PACKAGE_BUGREPORT='procps@freelists.org'
PACKAGE_NAME='procps-ng'
PACKAGE_STRING='procps-ng 3.3.3'
PACKAGE_TARNAME='procps-ng'
PACKAGE_URL='http://gitorious.org/procps'
PACKAGE_VERSION='3.3.3'
PATH_SEPARATOR=':'
PKG_CONFIG='/usr/bin/pkg-config'
PKG_CONFIG_LIBDIR=''
PKG_CONFIG_PATH=''
POSUB='po'
POW_LIB=''
RANLIB='ranlib'
SED='/bin/sed'
SET_MAKE=''
SHELL='/bin/bash'
STRIP='strip'
USE_NLS='yes'
VERSION='3.3.3'
WATCH_NCURSES_LIBS='-lncurses -ltinfo  '
WITH_NCURSES_FALSE='#'
WITH_NCURSES_TRUE=''
WITH_WATCH8BIT=''
XGETTEXT='/usr/bin/xgettext'
ac_ct_AR='ar'
ac_ct_CC='gcc'
ac_ct_DUMPBIN=''
am__EXEEXT_FALSE=''
am__EXEEXT_TRUE='#'
am__fastdepCC_FALSE='#'
am__fastdepCC_TRUE=''
am__include='include'
am__isrc=''
am__leading_dot='.'
am__nodep='_no'
am__quote=''
am__tar='tar --format=posix -chf - "$$tardir"'
am__untar='tar -xf -'
bindir='${exec_prefix}/bin'
build='x86_64-unknown-linux-gnu'
build_alias=''
build_cpu='x86_64'
build_os='linux-gnu'
build_vendor='unknown'
datadir='${datarootdir}'
datarootdir='${prefix}/share'
docdir='${datarootdir}/doc/${PACKAGE_TARNAME}'
dvidir='${docdir}'
exec_prefix='${prefix}'
host='x86_64-unknown-linux-gnu'
host_alias=''
host_cpu='x86_64'
host_os='linux-gnu'
host_vendor='unknown'
htmldir='${docdir}'
includedir='${prefix}/include'
infodir='${datarootdir}/info'
install_sh='${SHELL} /home/Jake/BYOB/src/procps-3.3.3/install-sh'
libdir='${exec_prefix}/lib'
libexecdir='${exec_prefix}/libexec'
localedir='${datarootdir}/locale'
localstatedir='${prefix}/var'
mandir='${datarootdir}/man'
mkdir_p='/bin/mkdir -p'
oldincludedir='/usr/include'
pdfdir='${docdir}'
prefix='/usr/local'
program_transform_name='s,x,x,'
psdir='${docdir}'
sbindir='${exec_prefix}/sbin'
sharedstatedir='${prefix}/com'
sysconfdir='${prefix}/etc'
target_alias=''
usrbin_execdir='${exec_prefix}/usr/bin'

## ----------- ##
## confdefs.h. ##
## ----------- ##

/* confdefs.h */
#define PACKAGE_NAME "procps-ng"
#define PACKAGE_TARNAME "procps-ng"
#define PACKAGE_VERSION "3.3.3"
#define PACKAGE_STRING "procps-ng 3.3.3"
#define PACKAGE_BUGREPORT "procps@freelists.org"
#define PACKAGE_URL "http://gitorious.org/procps"
#define PACKAGE "procps-ng"
#define VERSION "3.3.3"
#define STDC_HEADERS 1
#define HAVE_SYS_TYPES_H 1
#define HAVE_SYS_STAT_H 1
#define HAVE_STDLIB_H 1
#define HAVE_STRING_H 1
#define HAVE_MEMORY_H 1
#define HAVE_STRINGS_H 1
#define HAVE_INTTYPES_H 1
#define HAVE_STDINT_H 1
#define HAVE_UNISTD_H 1
#define __EXTENSIONS__ 1
#define _ALL_SOURCE 1
#define _GNU_SOURCE 1
#define _POSIX_PTHREAD_SEMANTICS 1
#define _TANDEM_SOURCE 1
#define HAVE_FCNTL_H 1
#define HAVE_LANGINFO_H 1
#define HAVE_LIBINTL_H 1
#define HAVE_LIMITS_H 1
#define HAVE_LOCALE_H 1
#define HAVE_NETINET_IN_H 1
#define HAVE_STDINT_H 1
#define HAVE_STDLIB_H 1
#define HAVE_STRING_H 1
#define HAVE_SYS_FILE_H 1
#define HAVE_SYS_IOCTL_H 1
#define HAVE_SYS_PARAM_H 1
#define HAVE_SYS_TIME_H 1
#define HAVE_TERMIOS_H 1
#define HAVE_UNISTD_H 1
#define HAVE_UTMP_H 1
#define HAVE_VALUES_H 1
#define HAVE_WCHAR_H 1
#define HAVE_WCTYPE_H 1
#define HAVE__BOOL 1
#define HAVE_STDBOOL_H 1
#define HAVE_STRUCT_STAT_ST_RDEV 1
#define restrict __restrict
#define HAVE_DLFCN_H 1
#define LT_OBJDIR ".libs/"
#define HAVE_FORK 1
#define HAVE_VFORK 1
#define HAVE_WORKING_VFORK 1
#define HAVE_WORKING_FORK 1
#define HAVE_STDLIB_H 1
#define HAVE_MALLOC 1
#define HAVE_MBRTOWC 1
#define HAVE_STDLIB_H 1
#define HAVE_UNISTD_H 1
#define HAVE_SYS_PARAM_H 1
#define HAVE_GETPAGESIZE 1
#define HAVE_MMAP 1
#define HAVE_STDLIB_H 1
#define HAVE_REALLOC 1
#define HAVE_ALARM 1
#define HAVE_GETLINE 1
#define HAVE_GETPAGESIZE 1
#define HAVE_GETTIMEOFDAY 1
#define HAVE_ISWPRINT 1
#define HAVE_MEMCHR 1
#define HAVE_MEMMOVE 1
#define HAVE_MEMSET 1
#define HAVE_MUNMAP 1
#define HAVE_NL_LANGINFO 1
#define HAVE_PUTENV 1
#define HAVE_REGCOMP 1
#define HAVE_RPMATCH 1
#define HAVE_SELECT 1
#define HAVE_SETLOCALE 1
#define HAVE_STRCASECMP 1
#define HAVE_STRCHR 1
#define HAVE_STRCSPN 1
#define HAVE_STRDUP 1
#define HAVE_STRERROR 1
#define HAVE_STRNCASECMP 1
#define HAVE_STRPBRK 1
#define HAVE_STRRCHR 1
#define HAVE_STRSPN 1
#define HAVE_STRSTR 1
#define HAVE_STRTOL 1
#define HAVE_STRTOUL 1
#define HAVE_STRVERSCMP 1
#define HAVE_UNAME 1
#define HAVE_UTMPNAME 1
#define HAVE_WCWIDTH 1
#define ENABLE_NLS 1
#define HAVE_GETTEXT 1
#define HAVE_DCGETTEXT 1
#define HAVE_PROGRAM_INVOCATION_SHORT_NAME 1
#define BUILD_WITH_WHINE 1

configure: exit 0
